[debug] [2024-01-11T08:53:29.535Z] ----------------------------------------------------------------------
[debug] [2024-01-11T08:53:29.540Z] Command:       C:\Program Files\nodejs\node.exe C:\Users\Jeetendra Patidar\AppData\Roaming\npm\node_modules\firebase-tools\lib\bin\firebase.js emulators:start
[debug] [2024-01-11T08:53:29.541Z] CLI Version:   11.29.1
[debug] [2024-01-11T08:53:29.541Z] Platform:      win32
[debug] [2024-01-11T08:53:29.541Z] Node Version:  v16.17.1
[debug] [2024-01-11T08:53:30.110Z] Time:          Thu Jan 11 2024 14:23:29 GMT+0530 (India Standard Time)
[debug] [2024-01-11T08:53:30.110Z] ----------------------------------------------------------------------
[debug] 
[debug] [2024-01-11T08:53:30.829Z] > command requires scopes: ["email","openid","https://www.googleapis.com/auth/cloudplatformprojects.readonly","https://www.googleapis.com/auth/firebase","https://www.googleapis.com/auth/cloud-platform"]
[debug] [2024-01-11T08:53:30.830Z] > authorizing via signed-in user (divyapatidar28178@gmail.com)
[info] i  emulators: Starting emulators: functions, hosting {"metadata":{"emulator":{"name":"hub"},"message":"Starting emulators: functions, hosting"}}
[debug] [2024-01-11T08:53:30.846Z] [logging] Logging Emulator only supports listening on one address (127.0.0.1). Not listening on ::1
[debug] [2024-01-11T08:53:30.846Z] [hosting] Hosting Emulator only supports listening on one address (127.0.0.1). Not listening on ::1
[debug] [2024-01-11T08:53:30.847Z] assigned listening specs for emulators {"user":{"hub":[{"address":"127.0.0.1","family":"IPv4","port":4400},{"address":"::1","family":"IPv6","port":4400}],"ui":[{"address":"127.0.0.1","family":"IPv4","port":4000},{"address":"::1","family":"IPv6","port":4000}],"logging":[{"address":"127.0.0.1","family":"IPv4","port":4500}],"hosting":[{"address":"127.0.0.1","family":"IPv4","port":5000}]},"metadata":{"message":"assigned listening specs for emulators"}}
[debug] [2024-01-11T08:53:30.860Z] [hub] writing locator at C:\Users\JEETEN~1\AppData\Local\Temp\hub-e-clone-d2cad.json
[debug] [2024-01-11T08:53:31.448Z] [functions] Functions Emulator only supports listening on one address (127.0.0.1). Not listening on ::1
[debug] [2024-01-11T08:53:31.448Z] [eventarc] Eventarc Emulator only supports listening on one address (127.0.0.1). Not listening on ::1
[debug] [2024-01-11T08:53:31.448Z] late-assigned ports for functions and eventarc emulators {"user":{"hub":[{"address":"127.0.0.1","family":"IPv4","port":4400},{"address":"::1","family":"IPv6","port":4400}],"ui":[{"address":"127.0.0.1","family":"IPv4","port":4000},{"address":"::1","family":"IPv6","port":4000}],"logging":[{"address":"127.0.0.1","family":"IPv4","port":4500}],"hosting":[{"address":"127.0.0.1","family":"IPv4","port":5000}],"functions":[{"address":"127.0.0.1","family":"IPv4","port":5001}],"eventarc":[{"address":"127.0.0.1","family":"IPv4","port":9299}]},"metadata":{"message":"late-assigned ports for functions and eventarc emulators"}}
[warn] !  functions: The following emulators are not running, calls to these services from the Functions emulator will affect production: auth, firestore, database, pubsub, storage {"metadata":{"emulator":{"name":"functions"},"message":"The following emulators are not running, calls to these services from the Functions emulator will affect production: \u001b[1mauth, firestore, database, pubsub, storage\u001b[22m"}}
[debug] [2024-01-11T08:53:31.499Z] defaultcredentials: writing to file C:\Users\Jeetendra Patidar\AppData\Roaming\firebase\divyapatidar28178_gmail_com_application_default_credentials.json
[debug] [2024-01-11T08:53:31.551Z] Setting GAC to C:\Users\Jeetendra Patidar\AppData\Roaming\firebase\divyapatidar28178_gmail_com_application_default_credentials.json {"metadata":{"emulator":{"name":"functions"},"message":"Setting GAC to C:\\Users\\Jeetendra Patidar\\AppData\\Roaming\\firebase\\divyapatidar28178_gmail_com_application_default_credentials.json"}}
[debug] [2024-01-11T08:53:31.554Z] >>> [apiv2][query] GET https://firebase.googleapis.com/v1beta1/projects/e-clone-d2cad/adminSdkConfig [none]
[debug] [2024-01-11T08:53:32.092Z] <<< [apiv2][status] GET https://firebase.googleapis.com/v1beta1/projects/e-clone-d2cad/adminSdkConfig 200
[debug] [2024-01-11T08:53:32.092Z] <<< [apiv2][body] GET https://firebase.googleapis.com/v1beta1/projects/e-clone-d2cad/adminSdkConfig {"projectId":"e-clone-d2cad","storageBucket":"e-clone-d2cad.appspot.com"}
[debug] [2024-01-11T08:53:32.197Z] >>> [apiv2][query] GET https://firebasehosting.googleapis.com/v1beta1/projects/e-clone-d2cad/sites 
[debug] [2024-01-11T08:53:33.558Z] <<< [apiv2][status] GET https://firebasehosting.googleapis.com/v1beta1/projects/e-clone-d2cad/sites 200
[debug] [2024-01-11T08:53:33.558Z] <<< [apiv2][body] GET https://firebasehosting.googleapis.com/v1beta1/projects/e-clone-d2cad/sites {"sites":[{"name":"projects/e-clone-d2cad/sites/e-clone-d2cad","defaultUrl":"https://e-clone-d2cad.web.app","appId":"1:699541427477:web:ff222ab9c169003b3b451c","type":"DEFAULT_SITE"}]}
[debug] [2024-01-11T08:53:33.559Z] >>> [apiv2][query] GET https://firebase.googleapis.com/v1beta1/projects/e-clone-d2cad/webApps/1:699541427477:web:ff222ab9c169003b3b451c/config [none]
[debug] [2024-01-11T08:53:34.170Z] <<< [apiv2][status] GET https://firebase.googleapis.com/v1beta1/projects/e-clone-d2cad/webApps/1:699541427477:web:ff222ab9c169003b3b451c/config 200
[debug] [2024-01-11T08:53:34.170Z] <<< [apiv2][body] GET https://firebase.googleapis.com/v1beta1/projects/e-clone-d2cad/webApps/1:699541427477:web:ff222ab9c169003b3b451c/config {"projectId":"e-clone-d2cad","appId":"1:699541427477:web:ff222ab9c169003b3b451c","storageBucket":"e-clone-d2cad.appspot.com","apiKey":"AIzaSyAx_MssGiysoqsIu835fLt9CuBthpKOuXA","authDomain":"e-clone-d2cad.firebaseapp.com","messagingSenderId":"699541427477","measurementId":"G-M7QSFMPSZN"}
[debug] [2024-01-11T08:53:34.212Z] >>> [apiv2][query] GET https://firebase.googleapis.com/v1beta1/projects/e-clone-d2cad [none]
[debug] [2024-01-11T08:53:35.426Z] <<< [apiv2][status] GET https://firebase.googleapis.com/v1beta1/projects/e-clone-d2cad 200
[debug] [2024-01-11T08:53:35.426Z] <<< [apiv2][body] GET https://firebase.googleapis.com/v1beta1/projects/e-clone-d2cad {"projectId":"e-clone-d2cad","projectNumber":"699541427477","displayName":"AMAZONE-CLONE","name":"projects/e-clone-d2cad","resources":{"hostingSite":"e-clone-d2cad"},"state":"ACTIVE","etag":"1_97dbca8e-358e-45a0-9c7f-c119a8f5b3a3"}
[info] i  hosting[e-clone-d2cad]: Serving hosting files from: build {"metadata":{"emulator":{"name":"hosting"},"message":"Serving hosting files from: \u001b[1mbuild\u001b[22m"}}
[info] +  hosting[e-clone-d2cad]: Local server: http://127.0.0.1:5000 {"metadata":{"emulator":{"name":"hosting"},"message":"Local server: \u001b[4m\u001b[1mhttp://127.0.0.1:5000\u001b[22m\u001b[24m"}}
[debug] [2024-01-11T08:53:35.621Z] Ignoring unsupported arg: auto_download {"metadata":{"emulator":{"name":"ui"},"message":"Ignoring unsupported arg: auto_download"}}
[debug] [2024-01-11T08:53:35.621Z] Ignoring unsupported arg: port {"metadata":{"emulator":{"name":"ui"},"message":"Ignoring unsupported arg: port"}}
[debug] [2024-01-11T08:53:35.621Z] Starting Emulator UI with command {"binary":"node","args":["C:\\Users\\Jeetendra Patidar\\.cache\\firebase\\emulators\\ui-v1.11.5\\server\\server.js"],"optionalArgs":[],"joinArgs":false} {"metadata":{"emulator":{"name":"ui"},"message":"Starting Emulator UI with command {\"binary\":\"node\",\"args\":[\"C:\\\\Users\\\\Jeetendra Patidar\\\\.cache\\\\firebase\\\\emulators\\\\ui-v1.11.5\\\\server\\\\server.js\"],\"optionalArgs\":[],\"joinArgs\":false}"}}
[info] i  ui: Emulator UI logging to ui-debug.log {"metadata":{"emulator":{"name":"ui"},"message":"Emulator UI logging to \u001b[1mui-debug.log\u001b[22m"}}
[info] i  functions: Watching "D:\divya study material\projects\app clone project\amazone-clone\functions" for Cloud Functions... {"metadata":{"emulator":{"name":"functions"},"message":"Watching \"D:\\divya study material\\projects\\app clone project\\amazone-clone\\functions\" for Cloud Functions..."}}
[debug] [2024-01-11T08:53:36.256Z] Validating nodejs source
[debug] [2024-01-11T08:53:46.316Z] checkFunctionsSDKVersion was unable to fetch information from NPM Error: spawnSync C:\WINDOWS\system32\cmd.exe ETIMEDOUT
    at Object.spawnSync (node:internal/child_process:1112:20)
    at Object.spawnSync (node:child_process:827:24)
    at Function.spawnSync [as sync] (C:\Users\Jeetendra Patidar\AppData\Roaming\npm\node_modules\firebase-tools\node_modules\cross-spawn\index.js:26:23)
    at Object.getLatestSDKVersion (C:\Users\Jeetendra Patidar\AppData\Roaming\npm\node_modules\firebase-tools\lib\deploy\functions\runtimes\node\versioning.js:55:25)
    at Object.checkFunctionsSDKVersion (C:\Users\Jeetendra Patidar\AppData\Roaming\npm\node_modules\firebase-tools\lib\deploy\functions\runtimes\node\versioning.js:76:32)
    at Delegate.validate (C:\Users\Jeetendra Patidar\AppData\Roaming\npm\node_modules\firebase-tools\lib\deploy\functions\runtimes\node\index.js:84:20)
    at FunctionsEmulator.discoverTriggers (C:\Users\Jeetendra Patidar\AppData\Roaming\npm\node_modules\firebase-tools\lib\emulator\functionsEmulator.js:297:35)
    at async FunctionsEmulator.loadTriggers (C:\Users\Jeetendra Patidar\AppData\Roaming\npm\node_modules\firebase-tools\lib\emulator\functionsEmulator.js:326:34)
    at async FunctionsEmulator.connect (C:\Users\Jeetendra Patidar\AppData\Roaming\npm\node_modules\firebase-tools\lib\emulator\functionsEmulator.js:263:13)
    at async Object.startAll (C:\Users\Jeetendra Patidar\AppData\Roaming\npm\node_modules\firebase-tools\lib\emulator\controller.js:558:13)
    at async C:\Users\Jeetendra Patidar\AppData\Roaming\npm\node_modules\firebase-tools\lib\commands\emulators-start.js:32:43
[debug] [2024-01-11T08:53:46.317Z] > [functions] package.json contents: {
  "name": "functions",
  "description": "Cloud Functions for Firebase",
  "scripts": {
    "lint": "eslint .",
    "serve": "firebase emulators:start --only functions",
    "shell": "firebase functions:shell",
    "start": "node index.js",
    "deploy": "firebase deploy --only functions",
    "logs": "firebase functions:log"
  },
  "engines": {
    "node": "16"
  },
  "main": "index.js",
  "dependencies": {
    "@types/stripejs": "^3.0.6",
    "cors": "^2.8.5",
    "express": "^4.18.2",
    "firebase-admin": "^10.0.2",
    "firebase-functions": "^4.0.1",
    "stripe": "^8.222.0"
  },
  "devDependencies": {
    "@types/stripe": "^8.0.417",
    "eslint": "^8.9.0",
    "eslint-config-google": "^0.14.0",
    "firebase-functions-test": "^0.2.0"
  },
  "private": true
}
[debug] [2024-01-11T08:53:46.318Z] Building nodejs source
[debug] [2024-01-11T08:53:46.318Z] Failed to find version of module node: reached end of search path D:\divya study material\projects\app clone project\amazone-clone\functions\node_modules
[info] +  functions: Using node@16 from host. 
[debug] [2024-01-11T08:53:46.338Z] Could not find functions.yaml. Must use http discovery
[debug] [2024-01-11T08:53:46.349Z] Found firebase-functions binary at 'D:\divya study material\projects\app clone project\amazone-clone\functions\node_modules\.bin\firebase-functions'
[debug] [2024-01-11T08:53:46.509Z] Web / API server started at 127.0.0.1:4000
Web / API server started at ::1:4000
 {"metadata":{"emulator":{"name":"ui"},"message":"Web / API server started at 127.0.0.1:4000\nWeb / API server started at ::1:4000\n"}}
[debug] [2024-01-11T08:53:55.259Z] Serving at port 8120

[debug] [2024-01-11T08:54:03.222Z] Got response from /__/functions.yaml {"endpoints":{"api":{"platform":"gcfv1","availableMemoryMb":null,"timeoutSeconds":null,"minInstances":null,"maxInstances":null,"ingressSettings":null,"serviceAccountEmail":null,"vpc":null,"httpsTrigger":{},"entryPoint":"api"}},"specVersion":"v1alpha1","requiredAPIs":[]}
[debug] [2024-01-11T08:54:03.230Z] shutdown requested via /__/quitquitquit

[info] +  functions: Loaded functions definitions from source: api. {"metadata":{"emulator":{"name":"functions"},"message":"Loaded functions definitions from source: api."}}
[info] +  functions[us-central1-api]: http function initialized (http://127.0.0.1:5001/e-clone-d2cad/us-central1/api). {"metadata":{"emulator":{"name":"functions"},"message":"\u001b[1mhttp\u001b[22m function initialized (http://127.0.0.1:5001/e-clone-d2cad/us-central1/api)."}}
[info] 
┌─────────────────────────────────────────────────────────────┐
│ ✔  All emulators ready! It is now safe to connect your app. │
│ i  View Emulator UI at http://127.0.0.1:4000/               │
└─────────────────────────────────────────────────────────────┘

┌───────────┬────────────────┬─────────────────────────────────┐
│ Emulator  │ Host:Port      │ View in Emulator UI             │
├───────────┼────────────────┼─────────────────────────────────┤
│ Functions │ 127.0.0.1:5001 │ http://127.0.0.1:4000/functions │
├───────────┼────────────────┼─────────────────────────────────┤
│ Hosting   │ 127.0.0.1:5000 │ n/a                             │
└───────────┴────────────────┴─────────────────────────────────┘
  Emulator Hub running at 127.0.0.1:4400
  Other reserved ports: 4500

Issues? Report them at https://github.com/firebase/firebase-tools/issues and attach the *-debug.log files.
 
[debug] [2024-01-11T08:54:18.005Z] [work-queue] {"queuedWork":["/e-clone-d2cad/us-central1/api/payment/create-2024-01-11T08:54:18.005Z"],"queueLength":1,"runningWork":[],"workRunningCount":0}
[debug] [2024-01-11T08:54:18.006Z] [work-queue] {"queuedWork":[],"queueLength":0,"runningWork":["/e-clone-d2cad/us-central1/api/payment/create-2024-01-11T08:54:18.005Z"],"workRunningCount":1}
[debug] [2024-01-11T08:54:18.007Z] Accepted request OPTIONS /e-clone-d2cad/us-central1/api/payment/create?total=559800 --> us-central1-api
[debug] [2024-01-11T08:54:18.012Z] [functions] Runtime ready! Sending request! {"metadata":{"emulator":{"name":"functions"},"message":"[functions] Runtime ready! Sending request!"}}
[debug] [2024-01-11T08:54:18.013Z] [functions] Got req.url=/e-clone-d2cad/us-central1/api/payment/create?total=559800, mapping to path=/payment/create?total=559800 {"metadata":{"emulator":{"name":"functions"},"message":"[functions] Got req.url=/e-clone-d2cad/us-central1/api/payment/create?total=559800, mapping to path=/payment/create?total=559800"}}
[debug] [2024-01-11T08:54:18.198Z] [worker-pool] addWorker(us-central1-api) {"metadata":{"emulator":{"name":"functions"},"message":"[worker-pool] addWorker(us-central1-api)"}}
[debug] [2024-01-11T08:54:18.199Z] [worker-pool] Adding worker with key us-central1-api, total=1 {"metadata":{"emulator":{"name":"functions"},"message":"[worker-pool] Adding worker with key us-central1-api, total=1"}}
[debug] [2024-01-11T08:54:18.201Z] [work-queue] {"queuedWork":["/e-clone-d2cad/us-central1/api/payment/create-2024-01-11T08:54:18.201Z"],"queueLength":1,"runningWork":["/e-clone-d2cad/us-central1/api/payment/create-2024-01-11T08:54:18.005Z"],"workRunningCount":1}
[debug] [2024-01-11T08:54:18.202Z] [work-queue] {"queuedWork":[],"queueLength":0,"runningWork":["/e-clone-d2cad/us-central1/api/payment/create-2024-01-11T08:54:18.005Z","/e-clone-d2cad/us-central1/api/payment/create-2024-01-11T08:54:18.201Z"],"workRunningCount":2}
[debug] [2024-01-11T08:54:18.202Z] Accepted request OPTIONS /e-clone-d2cad/us-central1/api/payment/create?total=559800 --> us-central1-api
[debug] [2024-01-11T08:54:18.205Z] [functions] Runtime ready! Sending request! {"metadata":{"emulator":{"name":"functions"},"message":"[functions] Runtime ready! Sending request!"}}
[debug] [2024-01-11T08:54:18.205Z] [functions] Got req.url=/e-clone-d2cad/us-central1/api/payment/create?total=559800, mapping to path=/payment/create?total=559800 {"metadata":{"emulator":{"name":"functions"},"message":"[functions] Got req.url=/e-clone-d2cad/us-central1/api/payment/create?total=559800, mapping to path=/payment/create?total=559800"}}
[debug] [2024-01-11T08:54:18.212Z] [worker-pool] addWorker(us-central1-api) {"metadata":{"emulator":{"name":"functions"},"message":"[worker-pool] addWorker(us-central1-api)"}}
[debug] [2024-01-11T08:54:18.213Z] [worker-pool] Adding worker with key us-central1-api, total=2 {"metadata":{"emulator":{"name":"functions"},"message":"[worker-pool] Adding worker with key us-central1-api, total=2"}}
[debug] [2024-01-11T08:54:37.047Z] [work-queue] {"queuedWork":["/e-clone-d2cad/us-central1/api/payment/create-2024-01-11T08:54:37.047Z"],"queueLength":1,"runningWork":["/e-clone-d2cad/us-central1/api/payment/create-2024-01-11T08:54:18.005Z","/e-clone-d2cad/us-central1/api/payment/create-2024-01-11T08:54:18.201Z"],"workRunningCount":2}
[debug] [2024-01-11T08:54:37.048Z] [work-queue] {"queuedWork":[],"queueLength":0,"runningWork":["/e-clone-d2cad/us-central1/api/payment/create-2024-01-11T08:54:18.005Z","/e-clone-d2cad/us-central1/api/payment/create-2024-01-11T08:54:18.201Z","/e-clone-d2cad/us-central1/api/payment/create-2024-01-11T08:54:37.047Z"],"workRunningCount":3}
[debug] [2024-01-11T08:54:37.048Z] Accepted request OPTIONS /e-clone-d2cad/us-central1/api/payment/create?total=0 --> us-central1-api
[debug] [2024-01-11T08:54:37.053Z] [functions] Runtime ready! Sending request! {"metadata":{"emulator":{"name":"functions"},"message":"[functions] Runtime ready! Sending request!"}}
[debug] [2024-01-11T08:54:37.054Z] [functions] Got req.url=/e-clone-d2cad/us-central1/api/payment/create?total=0, mapping to path=/payment/create?total=0 {"metadata":{"emulator":{"name":"functions"},"message":"[functions] Got req.url=/e-clone-d2cad/us-central1/api/payment/create?total=0, mapping to path=/payment/create?total=0"}}
[debug] [2024-01-11T08:54:37.063Z] [worker-pool] addWorker(us-central1-api) {"metadata":{"emulator":{"name":"functions"},"message":"[worker-pool] addWorker(us-central1-api)"}}
[debug] [2024-01-11T08:54:37.063Z] [worker-pool] Adding worker with key us-central1-api, total=3 {"metadata":{"emulator":{"name":"functions"},"message":"[worker-pool] Adding worker with key us-central1-api, total=3"}}
[debug] [2024-01-11T08:54:37.065Z] [work-queue] {"queuedWork":["/e-clone-d2cad/us-central1/api/payment/create-2024-01-11T08:54:37.065Z"],"queueLength":1,"runningWork":["/e-clone-d2cad/us-central1/api/payment/create-2024-01-11T08:54:18.005Z","/e-clone-d2cad/us-central1/api/payment/create-2024-01-11T08:54:18.201Z","/e-clone-d2cad/us-central1/api/payment/create-2024-01-11T08:54:37.047Z"],"workRunningCount":3}
[debug] [2024-01-11T08:54:37.065Z] [work-queue] {"queuedWork":[],"queueLength":0,"runningWork":["/e-clone-d2cad/us-central1/api/payment/create-2024-01-11T08:54:18.005Z","/e-clone-d2cad/us-central1/api/payment/create-2024-01-11T08:54:18.201Z","/e-clone-d2cad/us-central1/api/payment/create-2024-01-11T08:54:37.047Z","/e-clone-d2cad/us-central1/api/payment/create-2024-01-11T08:54:37.065Z"],"workRunningCount":4}
[debug] [2024-01-11T08:54:37.065Z] Accepted request OPTIONS /e-clone-d2cad/us-central1/api/payment/create?total=0 --> us-central1-api
[debug] [2024-01-11T08:54:37.070Z] [functions] Runtime ready! Sending request! {"metadata":{"emulator":{"name":"functions"},"message":"[functions] Runtime ready! Sending request!"}}
[debug] [2024-01-11T08:54:37.071Z] [functions] Got req.url=/e-clone-d2cad/us-central1/api/payment/create?total=0, mapping to path=/payment/create?total=0 {"metadata":{"emulator":{"name":"functions"},"message":"[functions] Got req.url=/e-clone-d2cad/us-central1/api/payment/create?total=0, mapping to path=/payment/create?total=0"}}
[debug] [2024-01-11T08:54:37.156Z] [worker-pool] addWorker(us-central1-api) {"metadata":{"emulator":{"name":"functions"},"message":"[worker-pool] addWorker(us-central1-api)"}}
[debug] [2024-01-11T08:54:37.157Z] [worker-pool] Adding worker with key us-central1-api, total=4 {"metadata":{"emulator":{"name":"functions"},"message":"[worker-pool] Adding worker with key us-central1-api, total=4"}}
[error] !!  functions: Failed to handle request for function us-central1-api {"metadata":{"emulator":{"name":"functions"},"message":"Failed to handle request for function us-central1-api"}}
[error] !!  functions: Failed to start functions in D:\divya study material\projects\app clone project\amazone-clone\functions: FirebaseError: Failed to load function. {"metadata":{"emulator":{"name":"functions"},"message":"Failed to start functions in D:\\divya study material\\projects\\app clone project\\amazone-clone\\functions: FirebaseError: Failed to load function."}}
[debug] [2024-01-11T08:54:48.276Z] [work-queue] {"queuedWork":[],"queueLength":0,"runningWork":["/e-clone-d2cad/us-central1/api/payment/create-2024-01-11T08:54:18.201Z","/e-clone-d2cad/us-central1/api/payment/create-2024-01-11T08:54:37.047Z","/e-clone-d2cad/us-central1/api/payment/create-2024-01-11T08:54:37.065Z"],"workRunningCount":3}
[error] !!  functions: Failed to handle request for function us-central1-api {"metadata":{"emulator":{"name":"functions"},"message":"Failed to handle request for function us-central1-api"}}
[error] !!  functions: Failed to start functions in D:\divya study material\projects\app clone project\amazone-clone\functions: FirebaseError: Failed to load function. {"metadata":{"emulator":{"name":"functions"},"message":"Failed to start functions in D:\\divya study material\\projects\\app clone project\\amazone-clone\\functions: FirebaseError: Failed to load function."}}
[debug] [2024-01-11T08:54:48.300Z] [work-queue] {"queuedWork":[],"queueLength":0,"runningWork":["/e-clone-d2cad/us-central1/api/payment/create-2024-01-11T08:54:37.047Z","/e-clone-d2cad/us-central1/api/payment/create-2024-01-11T08:54:37.065Z"],"workRunningCount":2}
[debug] [2024-01-11T08:54:51.200Z] [work-queue] {"queuedWork":["/e-clone-d2cad/us-central1/api/payment/create-2024-01-11T08:54:51.200Z"],"queueLength":1,"runningWork":["/e-clone-d2cad/us-central1/api/payment/create-2024-01-11T08:54:37.047Z","/e-clone-d2cad/us-central1/api/payment/create-2024-01-11T08:54:37.065Z"],"workRunningCount":2}
[debug] [2024-01-11T08:54:51.200Z] [work-queue] {"queuedWork":[],"queueLength":0,"runningWork":["/e-clone-d2cad/us-central1/api/payment/create-2024-01-11T08:54:37.047Z","/e-clone-d2cad/us-central1/api/payment/create-2024-01-11T08:54:37.065Z","/e-clone-d2cad/us-central1/api/payment/create-2024-01-11T08:54:51.200Z"],"workRunningCount":3}
[debug] [2024-01-11T08:54:51.200Z] Accepted request OPTIONS /e-clone-d2cad/us-central1/api/payment/create?total=38700 --> us-central1-api
[debug] [2024-01-11T08:54:51.276Z] [functions] Runtime ready! Sending request! {"metadata":{"emulator":{"name":"functions"},"message":"[functions] Runtime ready! Sending request!"}}
[debug] [2024-01-11T08:54:51.276Z] [functions] Got req.url=/e-clone-d2cad/us-central1/api/payment/create?total=38700, mapping to path=/payment/create?total=38700 {"metadata":{"emulator":{"name":"functions"},"message":"[functions] Got req.url=/e-clone-d2cad/us-central1/api/payment/create?total=38700, mapping to path=/payment/create?total=38700"}}
[debug] [2024-01-11T08:54:51.332Z] [worker-pool] addWorker(us-central1-api) {"metadata":{"emulator":{"name":"functions"},"message":"[worker-pool] addWorker(us-central1-api)"}}
[debug] [2024-01-11T08:54:51.333Z] [worker-pool] Adding worker with key us-central1-api, total=5 {"metadata":{"emulator":{"name":"functions"},"message":"[worker-pool] Adding worker with key us-central1-api, total=5"}}
[debug] [2024-01-11T08:54:51.334Z] [work-queue] {"queuedWork":["/e-clone-d2cad/us-central1/api/payment/create-2024-01-11T08:54:51.334Z"],"queueLength":1,"runningWork":["/e-clone-d2cad/us-central1/api/payment/create-2024-01-11T08:54:37.047Z","/e-clone-d2cad/us-central1/api/payment/create-2024-01-11T08:54:37.065Z","/e-clone-d2cad/us-central1/api/payment/create-2024-01-11T08:54:51.200Z"],"workRunningCount":3}
[debug] [2024-01-11T08:54:51.334Z] [work-queue] {"queuedWork":[],"queueLength":0,"runningWork":["/e-clone-d2cad/us-central1/api/payment/create-2024-01-11T08:54:37.047Z","/e-clone-d2cad/us-central1/api/payment/create-2024-01-11T08:54:37.065Z","/e-clone-d2cad/us-central1/api/payment/create-2024-01-11T08:54:51.200Z","/e-clone-d2cad/us-central1/api/payment/create-2024-01-11T08:54:51.334Z"],"workRunningCount":4}
[debug] [2024-01-11T08:54:51.334Z] Accepted request OPTIONS /e-clone-d2cad/us-central1/api/payment/create?total=38700 --> us-central1-api
[debug] [2024-01-11T08:54:51.337Z] [functions] Runtime ready! Sending request! {"metadata":{"emulator":{"name":"functions"},"message":"[functions] Runtime ready! Sending request!"}}
[debug] [2024-01-11T08:54:51.339Z] [functions] Got req.url=/e-clone-d2cad/us-central1/api/payment/create?total=38700, mapping to path=/payment/create?total=38700 {"metadata":{"emulator":{"name":"functions"},"message":"[functions] Got req.url=/e-clone-d2cad/us-central1/api/payment/create?total=38700, mapping to path=/payment/create?total=38700"}}
[debug] [2024-01-11T08:54:51.346Z] [worker-pool] addWorker(us-central1-api) {"metadata":{"emulator":{"name":"functions"},"message":"[worker-pool] addWorker(us-central1-api)"}}
[debug] [2024-01-11T08:54:51.346Z] [worker-pool] Adding worker with key us-central1-api, total=6 {"metadata":{"emulator":{"name":"functions"},"message":"[worker-pool] Adding worker with key us-central1-api, total=6"}}
[error] !!  functions: Failed to handle request for function us-central1-api {"metadata":{"emulator":{"name":"functions"},"message":"Failed to handle request for function us-central1-api"}}
[error] !!  functions: Failed to start functions in D:\divya study material\projects\app clone project\amazone-clone\functions: FirebaseError: Failed to load function. {"metadata":{"emulator":{"name":"functions"},"message":"Failed to start functions in D:\\divya study material\\projects\\app clone project\\amazone-clone\\functions: FirebaseError: Failed to load function."}}
[debug] [2024-01-11T08:55:07.413Z] [work-queue] {"queuedWork":[],"queueLength":0,"runningWork":["/e-clone-d2cad/us-central1/api/payment/create-2024-01-11T08:54:37.065Z","/e-clone-d2cad/us-central1/api/payment/create-2024-01-11T08:54:51.200Z","/e-clone-d2cad/us-central1/api/payment/create-2024-01-11T08:54:51.334Z"],"workRunningCount":3}
[error] !!  functions: Failed to handle request for function us-central1-api {"metadata":{"emulator":{"name":"functions"},"message":"Failed to handle request for function us-central1-api"}}
[error] !!  functions: Failed to start functions in D:\divya study material\projects\app clone project\amazone-clone\functions: FirebaseError: Failed to load function. {"metadata":{"emulator":{"name":"functions"},"message":"Failed to start functions in D:\\divya study material\\projects\\app clone project\\amazone-clone\\functions: FirebaseError: Failed to load function."}}
[debug] [2024-01-11T08:55:07.525Z] [work-queue] {"queuedWork":[],"queueLength":0,"runningWork":["/e-clone-d2cad/us-central1/api/payment/create-2024-01-11T08:54:51.200Z","/e-clone-d2cad/us-central1/api/payment/create-2024-01-11T08:54:51.334Z"],"workRunningCount":2}
[debug] [2024-01-11T08:55:12.925Z] [runtime-status] [16700] Resolved module firebase-admin {"declared":true,"installed":true,"version":"10.3.0","resolution":"D:\\divya study material\\projects\\app clone project\\amazone-clone\\functions\\node_modules\\firebase-admin\\lib\\index.js"} {"metadata":{"emulator":{"name":"functions"},"function":{"name":"us-central1-api"},"extension":{},"message":"[runtime-status] [16700] Resolved module firebase-admin {\"declared\":true,\"installed\":true,\"version\":\"10.3.0\",\"resolution\":\"D:\\\\divya study material\\\\projects\\\\app clone project\\\\amazone-clone\\\\functions\\\\node_modules\\\\firebase-admin\\\\lib\\\\index.js\"}"}}
[debug] [2024-01-11T08:55:12.925Z] [runtime-status] [6136] Resolved module firebase-admin {"declared":true,"installed":true,"version":"10.3.0","resolution":"D:\\divya study material\\projects\\app clone project\\amazone-clone\\functions\\node_modules\\firebase-admin\\lib\\index.js"} {"metadata":{"emulator":{"name":"functions"},"function":{"name":"us-central1-api"},"extension":{},"message":"[runtime-status] [6136] Resolved module firebase-admin {\"declared\":true,\"installed\":true,\"version\":\"10.3.0\",\"resolution\":\"D:\\\\divya study material\\\\projects\\\\app clone project\\\\amazone-clone\\\\functions\\\\node_modules\\\\firebase-admin\\\\lib\\\\index.js\"}"}}
[debug] [2024-01-11T08:55:12.926Z] [runtime-status] [16232] Resolved module firebase-admin {"declared":true,"installed":true,"version":"10.3.0","resolution":"D:\\divya study material\\projects\\app clone project\\amazone-clone\\functions\\node_modules\\firebase-admin\\lib\\index.js"} {"metadata":{"emulator":{"name":"functions"},"function":{"name":"us-central1-api"},"extension":{},"message":"[runtime-status] [16232] Resolved module firebase-admin {\"declared\":true,\"installed\":true,\"version\":\"10.3.0\",\"resolution\":\"D:\\\\divya study material\\\\projects\\\\app clone project\\\\amazone-clone\\\\functions\\\\node_modules\\\\firebase-admin\\\\lib\\\\index.js\"}"}}
[debug] [2024-01-11T08:55:12.926Z] [runtime-status] [2912] Resolved module firebase-admin {"declared":true,"installed":true,"version":"10.3.0","resolution":"D:\\divya study material\\projects\\app clone project\\amazone-clone\\functions\\node_modules\\firebase-admin\\lib\\index.js"} {"metadata":{"emulator":{"name":"functions"},"function":{"name":"us-central1-api"},"extension":{},"message":"[runtime-status] [2912] Resolved module firebase-admin {\"declared\":true,\"installed\":true,\"version\":\"10.3.0\",\"resolution\":\"D:\\\\divya study material\\\\projects\\\\app clone project\\\\amazone-clone\\\\functions\\\\node_modules\\\\firebase-admin\\\\lib\\\\index.js\"}"}}
[debug] [2024-01-11T08:55:12.932Z] [runtime-status] [11844] Resolved module firebase-admin {"declared":true,"installed":true,"version":"10.3.0","resolution":"D:\\divya study material\\projects\\app clone project\\amazone-clone\\functions\\node_modules\\firebase-admin\\lib\\index.js"} {"metadata":{"emulator":{"name":"functions"},"function":{"name":"us-central1-api"},"extension":{},"message":"[runtime-status] [11844] Resolved module firebase-admin {\"declared\":true,\"installed\":true,\"version\":\"10.3.0\",\"resolution\":\"D:\\\\divya study material\\\\projects\\\\app clone project\\\\amazone-clone\\\\functions\\\\node_modules\\\\firebase-admin\\\\lib\\\\index.js\"}"}}
[debug] [2024-01-11T08:55:12.933Z] [runtime-status] [18056] Resolved module firebase-admin {"declared":true,"installed":true,"version":"10.3.0","resolution":"D:\\divya study material\\projects\\app clone project\\amazone-clone\\functions\\node_modules\\firebase-admin\\lib\\index.js"} {"metadata":{"emulator":{"name":"functions"},"function":{"name":"us-central1-api"},"extension":{},"message":"[runtime-status] [18056] Resolved module firebase-admin {\"declared\":true,\"installed\":true,\"version\":\"10.3.0\",\"resolution\":\"D:\\\\divya study material\\\\projects\\\\app clone project\\\\amazone-clone\\\\functions\\\\node_modules\\\\firebase-admin\\\\lib\\\\index.js\"}"}}
[debug] [2024-01-11T08:55:13.010Z] [runtime-status] [2912] Resolved module firebase-functions {"declared":true,"installed":true,"version":"4.0.1","resolution":"D:\\divya study material\\projects\\app clone project\\amazone-clone\\functions\\node_modules\\firebase-functions\\lib\\v1\\index.js"} {"metadata":{"emulator":{"name":"functions"},"function":{"name":"us-central1-api"},"extension":{},"message":"[runtime-status] [2912] Resolved module firebase-functions {\"declared\":true,\"installed\":true,\"version\":\"4.0.1\",\"resolution\":\"D:\\\\divya study material\\\\projects\\\\app clone project\\\\amazone-clone\\\\functions\\\\node_modules\\\\firebase-functions\\\\lib\\\\v1\\\\index.js\"}"}}
[debug] [2024-01-11T08:55:13.011Z] [runtime-status] [6136] Resolved module firebase-functions {"declared":true,"installed":true,"version":"4.0.1","resolution":"D:\\divya study material\\projects\\app clone project\\amazone-clone\\functions\\node_modules\\firebase-functions\\lib\\v1\\index.js"} {"metadata":{"emulator":{"name":"functions"},"function":{"name":"us-central1-api"},"extension":{},"message":"[runtime-status] [6136] Resolved module firebase-functions {\"declared\":true,\"installed\":true,\"version\":\"4.0.1\",\"resolution\":\"D:\\\\divya study material\\\\projects\\\\app clone project\\\\amazone-clone\\\\functions\\\\node_modules\\\\firebase-functions\\\\lib\\\\v1\\\\index.js\"}"}}
[debug] [2024-01-11T08:55:13.011Z] [runtime-status] [2912] Outgoing network have been stubbed. [{"name":"http","status":"mocked"},{"name":"http","status":"mocked"},{"name":"https","status":"mocked"},{"name":"https","status":"mocked"},{"name":"net","status":"mocked"}] {"metadata":{"emulator":{"name":"functions"},"function":{"name":"us-central1-api"},"extension":{},"message":"[runtime-status] [2912] Outgoing network have been stubbed. [{\"name\":\"http\",\"status\":\"mocked\"},{\"name\":\"http\",\"status\":\"mocked\"},{\"name\":\"https\",\"status\":\"mocked\"},{\"name\":\"https\",\"status\":\"mocked\"},{\"name\":\"net\",\"status\":\"mocked\"}]"}}
[debug] [2024-01-11T08:55:13.012Z] [runtime-status] [6136] Outgoing network have been stubbed. [{"name":"http","status":"mocked"},{"name":"http","status":"mocked"},{"name":"https","status":"mocked"},{"name":"https","status":"mocked"},{"name":"net","status":"mocked"}] {"metadata":{"emulator":{"name":"functions"},"function":{"name":"us-central1-api"},"extension":{},"message":"[runtime-status] [6136] Outgoing network have been stubbed. [{\"name\":\"http\",\"status\":\"mocked\"},{\"name\":\"http\",\"status\":\"mocked\"},{\"name\":\"https\",\"status\":\"mocked\"},{\"name\":\"https\",\"status\":\"mocked\"},{\"name\":\"net\",\"status\":\"mocked\"}]"}}
[debug] [2024-01-11T08:55:13.013Z] [runtime-status] [2912] Resolved module firebase-functions {"declared":true,"installed":true,"version":"4.0.1","resolution":"D:\\divya study material\\projects\\app clone project\\amazone-clone\\functions\\node_modules\\firebase-functions\\lib\\v1\\index.js"} {"metadata":{"emulator":{"name":"functions"},"function":{"name":"us-central1-api"},"extension":{},"message":"[runtime-status] [2912] Resolved module firebase-functions {\"declared\":true,\"installed\":true,\"version\":\"4.0.1\",\"resolution\":\"D:\\\\divya study material\\\\projects\\\\app clone project\\\\amazone-clone\\\\functions\\\\node_modules\\\\firebase-functions\\\\lib\\\\v1\\\\index.js\"}"}}
[debug] [2024-01-11T08:55:13.014Z] [runtime-status] [6136] Resolved module firebase-functions {"declared":true,"installed":true,"version":"4.0.1","resolution":"D:\\divya study material\\projects\\app clone project\\amazone-clone\\functions\\node_modules\\firebase-functions\\lib\\v1\\index.js"} {"metadata":{"emulator":{"name":"functions"},"function":{"name":"us-central1-api"},"extension":{},"message":"[runtime-status] [6136] Resolved module firebase-functions {\"declared\":true,\"installed\":true,\"version\":\"4.0.1\",\"resolution\":\"D:\\\\divya study material\\\\projects\\\\app clone project\\\\amazone-clone\\\\functions\\\\node_modules\\\\firebase-functions\\\\lib\\\\v1\\\\index.js\"}"}}
[debug] [2024-01-11T08:55:13.014Z] [runtime-status] [18056] Resolved module firebase-functions {"declared":true,"installed":true,"version":"4.0.1","resolution":"D:\\divya study material\\projects\\app clone project\\amazone-clone\\functions\\node_modules\\firebase-functions\\lib\\v1\\index.js"} {"metadata":{"emulator":{"name":"functions"},"function":{"name":"us-central1-api"},"extension":{},"message":"[runtime-status] [18056] Resolved module firebase-functions {\"declared\":true,\"installed\":true,\"version\":\"4.0.1\",\"resolution\":\"D:\\\\divya study material\\\\projects\\\\app clone project\\\\amazone-clone\\\\functions\\\\node_modules\\\\firebase-functions\\\\lib\\\\v1\\\\index.js\"}"}}
[debug] [2024-01-11T08:55:13.014Z] [runtime-status] [11844] Resolved module firebase-functions {"declared":true,"installed":true,"version":"4.0.1","resolution":"D:\\divya study material\\projects\\app clone project\\amazone-clone\\functions\\node_modules\\firebase-functions\\lib\\v1\\index.js"} {"metadata":{"emulator":{"name":"functions"},"function":{"name":"us-central1-api"},"extension":{},"message":"[runtime-status] [11844] Resolved module firebase-functions {\"declared\":true,\"installed\":true,\"version\":\"4.0.1\",\"resolution\":\"D:\\\\divya study material\\\\projects\\\\app clone project\\\\amazone-clone\\\\functions\\\\node_modules\\\\firebase-functions\\\\lib\\\\v1\\\\index.js\"}"}}
[debug] [2024-01-11T08:55:13.015Z] [runtime-status] [11844] Outgoing network have been stubbed. [{"name":"http","status":"mocked"},{"name":"http","status":"mocked"},{"name":"https","status":"mocked"},{"name":"https","status":"mocked"},{"name":"net","status":"mocked"}] {"metadata":{"emulator":{"name":"functions"},"function":{"name":"us-central1-api"},"extension":{},"message":"[runtime-status] [11844] Outgoing network have been stubbed. [{\"name\":\"http\",\"status\":\"mocked\"},{\"name\":\"http\",\"status\":\"mocked\"},{\"name\":\"https\",\"status\":\"mocked\"},{\"name\":\"https\",\"status\":\"mocked\"},{\"name\":\"net\",\"status\":\"mocked\"}]"}}
[debug] [2024-01-11T08:55:13.016Z] [runtime-status] [18056] Outgoing network have been stubbed. [{"name":"http","status":"mocked"},{"name":"http","status":"mocked"},{"name":"https","status":"mocked"},{"name":"https","status":"mocked"},{"name":"net","status":"mocked"}] {"metadata":{"emulator":{"name":"functions"},"function":{"name":"us-central1-api"},"extension":{},"message":"[runtime-status] [18056] Outgoing network have been stubbed. [{\"name\":\"http\",\"status\":\"mocked\"},{\"name\":\"http\",\"status\":\"mocked\"},{\"name\":\"https\",\"status\":\"mocked\"},{\"name\":\"https\",\"status\":\"mocked\"},{\"name\":\"net\",\"status\":\"mocked\"}]"}}
[debug] [2024-01-11T08:55:13.017Z] [runtime-status] [11844] Resolved module firebase-functions {"declared":true,"installed":true,"version":"4.0.1","resolution":"D:\\divya study material\\projects\\app clone project\\amazone-clone\\functions\\node_modules\\firebase-functions\\lib\\v1\\index.js"} {"metadata":{"emulator":{"name":"functions"},"function":{"name":"us-central1-api"},"extension":{},"message":"[runtime-status] [11844] Resolved module firebase-functions {\"declared\":true,\"installed\":true,\"version\":\"4.0.1\",\"resolution\":\"D:\\\\divya study material\\\\projects\\\\app clone project\\\\amazone-clone\\\\functions\\\\node_modules\\\\firebase-functions\\\\lib\\\\v1\\\\index.js\"}"}}
[debug] [2024-01-11T08:55:13.018Z] [runtime-status] [18056] Resolved module firebase-functions {"declared":true,"installed":true,"version":"4.0.1","resolution":"D:\\divya study material\\projects\\app clone project\\amazone-clone\\functions\\node_modules\\firebase-functions\\lib\\v1\\index.js"} {"metadata":{"emulator":{"name":"functions"},"function":{"name":"us-central1-api"},"extension":{},"message":"[runtime-status] [18056] Resolved module firebase-functions {\"declared\":true,\"installed\":true,\"version\":\"4.0.1\",\"resolution\":\"D:\\\\divya study material\\\\projects\\\\app clone project\\\\amazone-clone\\\\functions\\\\node_modules\\\\firebase-functions\\\\lib\\\\v1\\\\index.js\"}"}}
[debug] [2024-01-11T08:55:13.038Z] [runtime-status] [16232] Resolved module firebase-functions {"declared":true,"installed":true,"version":"4.0.1","resolution":"D:\\divya study material\\projects\\app clone project\\amazone-clone\\functions\\node_modules\\firebase-functions\\lib\\v1\\index.js"} {"metadata":{"emulator":{"name":"functions"},"function":{"name":"us-central1-api"},"extension":{},"message":"[runtime-status] [16232] Resolved module firebase-functions {\"declared\":true,\"installed\":true,\"version\":\"4.0.1\",\"resolution\":\"D:\\\\divya study material\\\\projects\\\\app clone project\\\\amazone-clone\\\\functions\\\\node_modules\\\\firebase-functions\\\\lib\\\\v1\\\\index.js\"}"}}
[debug] [2024-01-11T08:55:13.040Z] [runtime-status] [16232] Outgoing network have been stubbed. [{"name":"http","status":"mocked"},{"name":"http","status":"mocked"},{"name":"https","status":"mocked"},{"name":"https","status":"mocked"},{"name":"net","status":"mocked"}] {"metadata":{"emulator":{"name":"functions"},"function":{"name":"us-central1-api"},"extension":{},"message":"[runtime-status] [16232] Outgoing network have been stubbed. [{\"name\":\"http\",\"status\":\"mocked\"},{\"name\":\"http\",\"status\":\"mocked\"},{\"name\":\"https\",\"status\":\"mocked\"},{\"name\":\"https\",\"status\":\"mocked\"},{\"name\":\"net\",\"status\":\"mocked\"}]"}}
[debug] [2024-01-11T08:55:13.043Z] [runtime-status] [16232] Resolved module firebase-functions {"declared":true,"installed":true,"version":"4.0.1","resolution":"D:\\divya study material\\projects\\app clone project\\amazone-clone\\functions\\node_modules\\firebase-functions\\lib\\v1\\index.js"} {"metadata":{"emulator":{"name":"functions"},"function":{"name":"us-central1-api"},"extension":{},"message":"[runtime-status] [16232] Resolved module firebase-functions {\"declared\":true,\"installed\":true,\"version\":\"4.0.1\",\"resolution\":\"D:\\\\divya study material\\\\projects\\\\app clone project\\\\amazone-clone\\\\functions\\\\node_modules\\\\firebase-functions\\\\lib\\\\v1\\\\index.js\"}"}}
[debug] [2024-01-11T08:55:13.053Z] [runtime-status] [16700] Resolved module firebase-functions {"declared":true,"installed":true,"version":"4.0.1","resolution":"D:\\divya study material\\projects\\app clone project\\amazone-clone\\functions\\node_modules\\firebase-functions\\lib\\v1\\index.js"} {"metadata":{"emulator":{"name":"functions"},"function":{"name":"us-central1-api"},"extension":{},"message":"[runtime-status] [16700] Resolved module firebase-functions {\"declared\":true,\"installed\":true,\"version\":\"4.0.1\",\"resolution\":\"D:\\\\divya study material\\\\projects\\\\app clone project\\\\amazone-clone\\\\functions\\\\node_modules\\\\firebase-functions\\\\lib\\\\v1\\\\index.js\"}"}}
[debug] [2024-01-11T08:55:13.054Z] [runtime-status] [16700] Outgoing network have been stubbed. [{"name":"http","status":"mocked"},{"name":"http","status":"mocked"},{"name":"https","status":"mocked"},{"name":"https","status":"mocked"},{"name":"net","status":"mocked"}] {"metadata":{"emulator":{"name":"functions"},"function":{"name":"us-central1-api"},"extension":{},"message":"[runtime-status] [16700] Outgoing network have been stubbed. [{\"name\":\"http\",\"status\":\"mocked\"},{\"name\":\"http\",\"status\":\"mocked\"},{\"name\":\"https\",\"status\":\"mocked\"},{\"name\":\"https\",\"status\":\"mocked\"},{\"name\":\"net\",\"status\":\"mocked\"}]"}}
[debug] [2024-01-11T08:55:13.056Z] [runtime-status] [16700] Resolved module firebase-functions {"declared":true,"installed":true,"version":"4.0.1","resolution":"D:\\divya study material\\projects\\app clone project\\amazone-clone\\functions\\node_modules\\firebase-functions\\lib\\v1\\index.js"} {"metadata":{"emulator":{"name":"functions"},"function":{"name":"us-central1-api"},"extension":{},"message":"[runtime-status] [16700] Resolved module firebase-functions {\"declared\":true,\"installed\":true,\"version\":\"4.0.1\",\"resolution\":\"D:\\\\divya study material\\\\projects\\\\app clone project\\\\amazone-clone\\\\functions\\\\node_modules\\\\firebase-functions\\\\lib\\\\v1\\\\index.js\"}"}}
[error] !!  functions: Failed to handle request for function us-central1-api {"metadata":{"emulator":{"name":"functions"},"message":"Failed to handle request for function us-central1-api"}}
[error] !!  functions: Failed to start functions in D:\divya study material\projects\app clone project\amazone-clone\functions: FirebaseError: Failed to load function. {"metadata":{"emulator":{"name":"functions"},"message":"Failed to start functions in D:\\divya study material\\projects\\app clone project\\amazone-clone\\functions: FirebaseError: Failed to load function."}}
[debug] [2024-01-11T08:55:21.337Z] [work-queue] {"queuedWork":[],"queueLength":0,"runningWork":["/e-clone-d2cad/us-central1/api/payment/create-2024-01-11T08:54:51.334Z"],"workRunningCount":1}
[error] !!  functions: Failed to handle request for function us-central1-api {"metadata":{"emulator":{"name":"functions"},"message":"Failed to handle request for function us-central1-api"}}
[error] !!  functions: Failed to start functions in D:\divya study material\projects\app clone project\amazone-clone\functions: FirebaseError: Failed to load function. {"metadata":{"emulator":{"name":"functions"},"message":"Failed to start functions in D:\\divya study material\\projects\\app clone project\\amazone-clone\\functions: FirebaseError: Failed to load function."}}
[debug] [2024-01-11T08:55:21.445Z] [work-queue] {"queuedWork":[],"queueLength":0,"runningWork":[],"workRunningCount":0}
[debug] [2024-01-11T08:55:21.928Z] [runtime-status] [16232] Checked functions.config() {"config":{}} {"metadata":{"emulator":{"name":"functions"},"function":{"name":"us-central1-api"},"extension":{},"message":"[runtime-status] [16232] Checked functions.config() {\"config\":{}}"}}
[debug] [2024-01-11T08:55:21.928Z] [runtime-status] [2912] Checked functions.config() {"config":{}} {"metadata":{"emulator":{"name":"functions"},"function":{"name":"us-central1-api"},"extension":{},"message":"[runtime-status] [2912] Checked functions.config() {\"config\":{}}"}}
[debug] [2024-01-11T08:55:21.928Z] [runtime-status] [2912] firebase-functions has been stubbed. {"functionsResolution":{"declared":true,"installed":true,"version":"4.0.1","resolution":"D:\\divya study material\\projects\\app clone project\\amazone-clone\\functions\\node_modules\\firebase-functions\\lib\\v1\\index.js"}} {"metadata":{"emulator":{"name":"functions"},"function":{"name":"us-central1-api"},"extension":{},"message":"[runtime-status] [2912] firebase-functions has been stubbed. {\"functionsResolution\":{\"declared\":true,\"installed\":true,\"version\":\"4.0.1\",\"resolution\":\"D:\\\\divya study material\\\\projects\\\\app clone project\\\\amazone-clone\\\\functions\\\\node_modules\\\\firebase-functions\\\\lib\\\\v1\\\\index.js\"}}"}}
[debug] [2024-01-11T08:55:21.929Z] [runtime-status] [16700] Checked functions.config() {"config":{}} {"metadata":{"emulator":{"name":"functions"},"function":{"name":"us-central1-api"},"extension":{},"message":"[runtime-status] [16700] Checked functions.config() {\"config\":{}}"}}
[debug] [2024-01-11T08:55:21.929Z] [runtime-status] [16700] firebase-functions has been stubbed. {"functionsResolution":{"declared":true,"installed":true,"version":"4.0.1","resolution":"D:\\divya study material\\projects\\app clone project\\amazone-clone\\functions\\node_modules\\firebase-functions\\lib\\v1\\index.js"}} {"metadata":{"emulator":{"name":"functions"},"function":{"name":"us-central1-api"},"extension":{},"message":"[runtime-status] [16700] firebase-functions has been stubbed. {\"functionsResolution\":{\"declared\":true,\"installed\":true,\"version\":\"4.0.1\",\"resolution\":\"D:\\\\divya study material\\\\projects\\\\app clone project\\\\amazone-clone\\\\functions\\\\node_modules\\\\firebase-functions\\\\lib\\\\v1\\\\index.js\"}}"}}
[debug] [2024-01-11T08:55:21.929Z] [runtime-status] [16232] firebase-functions has been stubbed. {"functionsResolution":{"declared":true,"installed":true,"version":"4.0.1","resolution":"D:\\divya study material\\projects\\app clone project\\amazone-clone\\functions\\node_modules\\firebase-functions\\lib\\v1\\index.js"}} {"metadata":{"emulator":{"name":"functions"},"function":{"name":"us-central1-api"},"extension":{},"message":"[runtime-status] [16232] firebase-functions has been stubbed. {\"functionsResolution\":{\"declared\":true,\"installed\":true,\"version\":\"4.0.1\",\"resolution\":\"D:\\\\divya study material\\\\projects\\\\app clone project\\\\amazone-clone\\\\functions\\\\node_modules\\\\firebase-functions\\\\lib\\\\v1\\\\index.js\"}}"}}
[debug] [2024-01-11T08:55:21.929Z] [runtime-status] [16232] Resolved module firebase-functions {"declared":true,"installed":true,"version":"4.0.1","resolution":"D:\\divya study material\\projects\\app clone project\\amazone-clone\\functions\\node_modules\\firebase-functions\\lib\\v1\\index.js"} {"metadata":{"emulator":{"name":"functions"},"function":{"name":"us-central1-api"},"extension":{},"message":"[runtime-status] [16232] Resolved module firebase-functions {\"declared\":true,\"installed\":true,\"version\":\"4.0.1\",\"resolution\":\"D:\\\\divya study material\\\\projects\\\\app clone project\\\\amazone-clone\\\\functions\\\\node_modules\\\\firebase-functions\\\\lib\\\\v1\\\\index.js\"}"}}
[debug] [2024-01-11T08:55:21.930Z] [runtime-status] [18056] Checked functions.config() {"config":{}} {"metadata":{"emulator":{"name":"functions"},"function":{"name":"us-central1-api"},"extension":{},"message":"[runtime-status] [18056] Checked functions.config() {\"config\":{}}"}}
[debug] [2024-01-11T08:55:21.930Z] [runtime-status] [18056] firebase-functions has been stubbed. {"functionsResolution":{"declared":true,"installed":true,"version":"4.0.1","resolution":"D:\\divya study material\\projects\\app clone project\\amazone-clone\\functions\\node_modules\\firebase-functions\\lib\\v1\\index.js"}} {"metadata":{"emulator":{"name":"functions"},"function":{"name":"us-central1-api"},"extension":{},"message":"[runtime-status] [18056] firebase-functions has been stubbed. {\"functionsResolution\":{\"declared\":true,\"installed\":true,\"version\":\"4.0.1\",\"resolution\":\"D:\\\\divya study material\\\\projects\\\\app clone project\\\\amazone-clone\\\\functions\\\\node_modules\\\\firebase-functions\\\\lib\\\\v1\\\\index.js\"}}"}}
[debug] [2024-01-11T08:55:21.931Z] [runtime-status] [2912] Resolved module firebase-functions {"declared":true,"installed":true,"version":"4.0.1","resolution":"D:\\divya study material\\projects\\app clone project\\amazone-clone\\functions\\node_modules\\firebase-functions\\lib\\v1\\index.js"} {"metadata":{"emulator":{"name":"functions"},"function":{"name":"us-central1-api"},"extension":{},"message":"[runtime-status] [2912] Resolved module firebase-functions {\"declared\":true,\"installed\":true,\"version\":\"4.0.1\",\"resolution\":\"D:\\\\divya study material\\\\projects\\\\app clone project\\\\amazone-clone\\\\functions\\\\node_modules\\\\firebase-functions\\\\lib\\\\v1\\\\index.js\"}"}}
[debug] [2024-01-11T08:55:21.931Z] [runtime-status] [16700] Resolved module firebase-functions {"declared":true,"installed":true,"version":"4.0.1","resolution":"D:\\divya study material\\projects\\app clone project\\amazone-clone\\functions\\node_modules\\firebase-functions\\lib\\v1\\index.js"} {"metadata":{"emulator":{"name":"functions"},"function":{"name":"us-central1-api"},"extension":{},"message":"[runtime-status] [16700] Resolved module firebase-functions {\"declared\":true,\"installed\":true,\"version\":\"4.0.1\",\"resolution\":\"D:\\\\divya study material\\\\projects\\\\app clone project\\\\amazone-clone\\\\functions\\\\node_modules\\\\firebase-functions\\\\lib\\\\v1\\\\index.js\"}"}}
[debug] [2024-01-11T08:55:21.932Z] [runtime-status] [16232] Resolved module firebase-admin {"declared":true,"installed":true,"version":"10.3.0","resolution":"D:\\divya study material\\projects\\app clone project\\amazone-clone\\functions\\node_modules\\firebase-admin\\lib\\index.js"} {"metadata":{"emulator":{"name":"functions"},"function":{"name":"us-central1-api"},"extension":{},"message":"[runtime-status] [16232] Resolved module firebase-admin {\"declared\":true,\"installed\":true,\"version\":\"10.3.0\",\"resolution\":\"D:\\\\divya study material\\\\projects\\\\app clone project\\\\amazone-clone\\\\functions\\\\node_modules\\\\firebase-admin\\\\lib\\\\index.js\"}"}}
[debug] [2024-01-11T08:55:21.932Z] [runtime-status] [18056] Resolved module firebase-functions {"declared":true,"installed":true,"version":"4.0.1","resolution":"D:\\divya study material\\projects\\app clone project\\amazone-clone\\functions\\node_modules\\firebase-functions\\lib\\v1\\index.js"} {"metadata":{"emulator":{"name":"functions"},"function":{"name":"us-central1-api"},"extension":{},"message":"[runtime-status] [18056] Resolved module firebase-functions {\"declared\":true,\"installed\":true,\"version\":\"4.0.1\",\"resolution\":\"D:\\\\divya study material\\\\projects\\\\app clone project\\\\amazone-clone\\\\functions\\\\node_modules\\\\firebase-functions\\\\lib\\\\v1\\\\index.js\"}"}}
[debug] [2024-01-11T08:55:21.934Z] [runtime-status] [11844] Checked functions.config() {"config":{}} {"metadata":{"emulator":{"name":"functions"},"function":{"name":"us-central1-api"},"extension":{},"message":"[runtime-status] [11844] Checked functions.config() {\"config\":{}}"}}
[debug] [2024-01-11T08:55:21.934Z] [runtime-status] [11844] firebase-functions has been stubbed. {"functionsResolution":{"declared":true,"installed":true,"version":"4.0.1","resolution":"D:\\divya study material\\projects\\app clone project\\amazone-clone\\functions\\node_modules\\firebase-functions\\lib\\v1\\index.js"}} {"metadata":{"emulator":{"name":"functions"},"function":{"name":"us-central1-api"},"extension":{},"message":"[runtime-status] [11844] firebase-functions has been stubbed. {\"functionsResolution\":{\"declared\":true,\"installed\":true,\"version\":\"4.0.1\",\"resolution\":\"D:\\\\divya study material\\\\projects\\\\app clone project\\\\amazone-clone\\\\functions\\\\node_modules\\\\firebase-functions\\\\lib\\\\v1\\\\index.js\"}}"}}
[debug] [2024-01-11T08:55:21.936Z] [runtime-status] [11844] Resolved module firebase-functions {"declared":true,"installed":true,"version":"4.0.1","resolution":"D:\\divya study material\\projects\\app clone project\\amazone-clone\\functions\\node_modules\\firebase-functions\\lib\\v1\\index.js"} {"metadata":{"emulator":{"name":"functions"},"function":{"name":"us-central1-api"},"extension":{},"message":"[runtime-status] [11844] Resolved module firebase-functions {\"declared\":true,\"installed\":true,\"version\":\"4.0.1\",\"resolution\":\"D:\\\\divya study material\\\\projects\\\\app clone project\\\\amazone-clone\\\\functions\\\\node_modules\\\\firebase-functions\\\\lib\\\\v1\\\\index.js\"}"}}
[debug] [2024-01-11T08:55:21.938Z] [runtime-status] [6136] Checked functions.config() {"config":{}} {"metadata":{"emulator":{"name":"functions"},"function":{"name":"us-central1-api"},"extension":{},"message":"[runtime-status] [6136] Checked functions.config() {\"config\":{}}"}}
[debug] [2024-01-11T08:55:21.940Z] [runtime-status] [6136] firebase-functions has been stubbed. {"functionsResolution":{"declared":true,"installed":true,"version":"4.0.1","resolution":"D:\\divya study material\\projects\\app clone project\\amazone-clone\\functions\\node_modules\\firebase-functions\\lib\\v1\\index.js"}} {"metadata":{"emulator":{"name":"functions"},"function":{"name":"us-central1-api"},"extension":{},"message":"[runtime-status] [6136] firebase-functions has been stubbed. {\"functionsResolution\":{\"declared\":true,\"installed\":true,\"version\":\"4.0.1\",\"resolution\":\"D:\\\\divya study material\\\\projects\\\\app clone project\\\\amazone-clone\\\\functions\\\\node_modules\\\\firebase-functions\\\\lib\\\\v1\\\\index.js\"}}"}}
[debug] [2024-01-11T08:55:21.943Z] [runtime-status] [6136] Resolved module firebase-functions {"declared":true,"installed":true,"version":"4.0.1","resolution":"D:\\divya study material\\projects\\app clone project\\amazone-clone\\functions\\node_modules\\firebase-functions\\lib\\v1\\index.js"} {"metadata":{"emulator":{"name":"functions"},"function":{"name":"us-central1-api"},"extension":{},"message":"[runtime-status] [6136] Resolved module firebase-functions {\"declared\":true,\"installed\":true,\"version\":\"4.0.1\",\"resolution\":\"D:\\\\divya study material\\\\projects\\\\app clone project\\\\amazone-clone\\\\functions\\\\node_modules\\\\firebase-functions\\\\lib\\\\v1\\\\index.js\"}"}}
[debug] [2024-01-11T08:55:22.047Z] [runtime-status] [6136] Resolved module firebase-admin {"declared":true,"installed":true,"version":"10.3.0","resolution":"D:\\divya study material\\projects\\app clone project\\amazone-clone\\functions\\node_modules\\firebase-admin\\lib\\index.js"} {"metadata":{"emulator":{"name":"functions"},"function":{"name":"us-central1-api"},"extension":{},"message":"[runtime-status] [6136] Resolved module firebase-admin {\"declared\":true,\"installed\":true,\"version\":\"10.3.0\",\"resolution\":\"D:\\\\divya study material\\\\projects\\\\app clone project\\\\amazone-clone\\\\functions\\\\node_modules\\\\firebase-admin\\\\lib\\\\index.js\"}"}}
[debug] [2024-01-11T08:55:22.047Z] [runtime-status] [18056] Resolved module firebase-admin {"declared":true,"installed":true,"version":"10.3.0","resolution":"D:\\divya study material\\projects\\app clone project\\amazone-clone\\functions\\node_modules\\firebase-admin\\lib\\index.js"} {"metadata":{"emulator":{"name":"functions"},"function":{"name":"us-central1-api"},"extension":{},"message":"[runtime-status] [18056] Resolved module firebase-admin {\"declared\":true,\"installed\":true,\"version\":\"10.3.0\",\"resolution\":\"D:\\\\divya study material\\\\projects\\\\app clone project\\\\amazone-clone\\\\functions\\\\node_modules\\\\firebase-admin\\\\lib\\\\index.js\"}"}}
[debug] [2024-01-11T08:55:22.048Z] [runtime-status] [11844] Resolved module firebase-admin {"declared":true,"installed":true,"version":"10.3.0","resolution":"D:\\divya study material\\projects\\app clone project\\amazone-clone\\functions\\node_modules\\firebase-admin\\lib\\index.js"} {"metadata":{"emulator":{"name":"functions"},"function":{"name":"us-central1-api"},"extension":{},"message":"[runtime-status] [11844] Resolved module firebase-admin {\"declared\":true,\"installed\":true,\"version\":\"10.3.0\",\"resolution\":\"D:\\\\divya study material\\\\projects\\\\app clone project\\\\amazone-clone\\\\functions\\\\node_modules\\\\firebase-admin\\\\lib\\\\index.js\"}"}}
[debug] [2024-01-11T08:55:22.050Z] [runtime-status] [16700] Resolved module firebase-admin {"declared":true,"installed":true,"version":"10.3.0","resolution":"D:\\divya study material\\projects\\app clone project\\amazone-clone\\functions\\node_modules\\firebase-admin\\lib\\index.js"} {"metadata":{"emulator":{"name":"functions"},"function":{"name":"us-central1-api"},"extension":{},"message":"[runtime-status] [16700] Resolved module firebase-admin {\"declared\":true,\"installed\":true,\"version\":\"10.3.0\",\"resolution\":\"D:\\\\divya study material\\\\projects\\\\app clone project\\\\amazone-clone\\\\functions\\\\node_modules\\\\firebase-admin\\\\lib\\\\index.js\"}"}}
[debug] [2024-01-11T08:55:22.050Z] [runtime-status] [2912] Resolved module firebase-admin {"declared":true,"installed":true,"version":"10.3.0","resolution":"D:\\divya study material\\projects\\app clone project\\amazone-clone\\functions\\node_modules\\firebase-admin\\lib\\index.js"} {"metadata":{"emulator":{"name":"functions"},"function":{"name":"us-central1-api"},"extension":{},"message":"[runtime-status] [2912] Resolved module firebase-admin {\"declared\":true,\"installed\":true,\"version\":\"10.3.0\",\"resolution\":\"D:\\\\divya study material\\\\projects\\\\app clone project\\\\amazone-clone\\\\functions\\\\node_modules\\\\firebase-admin\\\\lib\\\\index.js\"}"}}
[debug] [2024-01-11T08:55:22.268Z] [runtime-status] [2912] Resolved module firebase-functions {"declared":true,"installed":true,"version":"4.0.1","resolution":"D:\\divya study material\\projects\\app clone project\\amazone-clone\\functions\\node_modules\\firebase-functions\\lib\\v1\\index.js"} {"metadata":{"emulator":{"name":"functions"},"function":{"name":"us-central1-api"},"extension":{},"message":"[runtime-status] [2912] Resolved module firebase-functions {\"declared\":true,\"installed\":true,\"version\":\"4.0.1\",\"resolution\":\"D:\\\\divya study material\\\\projects\\\\app clone project\\\\amazone-clone\\\\functions\\\\node_modules\\\\firebase-functions\\\\lib\\\\v1\\\\index.js\"}"}}
[debug] [2024-01-11T08:55:22.268Z] [runtime-status] [16232] Resolved module firebase-functions {"declared":true,"installed":true,"version":"4.0.1","resolution":"D:\\divya study material\\projects\\app clone project\\amazone-clone\\functions\\node_modules\\firebase-functions\\lib\\v1\\index.js"} {"metadata":{"emulator":{"name":"functions"},"function":{"name":"us-central1-api"},"extension":{},"message":"[runtime-status] [16232] Resolved module firebase-functions {\"declared\":true,\"installed\":true,\"version\":\"4.0.1\",\"resolution\":\"D:\\\\divya study material\\\\projects\\\\app clone project\\\\amazone-clone\\\\functions\\\\node_modules\\\\firebase-functions\\\\lib\\\\v1\\\\index.js\"}"}}
[debug] [2024-01-11T08:55:22.268Z] [runtime-status] [16232] firebase-admin has been stubbed. {"adminResolution":{"declared":true,"installed":true,"version":"10.3.0","resolution":"D:\\divya study material\\projects\\app clone project\\amazone-clone\\functions\\node_modules\\firebase-admin\\lib\\index.js"}} {"metadata":{"emulator":{"name":"functions"},"function":{"name":"us-central1-api"},"extension":{},"message":"[runtime-status] [16232] firebase-admin has been stubbed. {\"adminResolution\":{\"declared\":true,\"installed\":true,\"version\":\"10.3.0\",\"resolution\":\"D:\\\\divya study material\\\\projects\\\\app clone project\\\\amazone-clone\\\\functions\\\\node_modules\\\\firebase-admin\\\\lib\\\\index.js\"}}"}}
[debug] [2024-01-11T08:55:22.269Z] [runtime-status] [11844] Resolved module firebase-functions {"declared":true,"installed":true,"version":"4.0.1","resolution":"D:\\divya study material\\projects\\app clone project\\amazone-clone\\functions\\node_modules\\firebase-functions\\lib\\v1\\index.js"} {"metadata":{"emulator":{"name":"functions"},"function":{"name":"us-central1-api"},"extension":{},"message":"[runtime-status] [11844] Resolved module firebase-functions {\"declared\":true,\"installed\":true,\"version\":\"4.0.1\",\"resolution\":\"D:\\\\divya study material\\\\projects\\\\app clone project\\\\amazone-clone\\\\functions\\\\node_modules\\\\firebase-functions\\\\lib\\\\v1\\\\index.js\"}"}}
[debug] [2024-01-11T08:55:22.269Z] [runtime-status] [11844] firebase-admin has been stubbed. {"adminResolution":{"declared":true,"installed":true,"version":"10.3.0","resolution":"D:\\divya study material\\projects\\app clone project\\amazone-clone\\functions\\node_modules\\firebase-admin\\lib\\index.js"}} {"metadata":{"emulator":{"name":"functions"},"function":{"name":"us-central1-api"},"extension":{},"message":"[runtime-status] [11844] firebase-admin has been stubbed. {\"adminResolution\":{\"declared\":true,\"installed\":true,\"version\":\"10.3.0\",\"resolution\":\"D:\\\\divya study material\\\\projects\\\\app clone project\\\\amazone-clone\\\\functions\\\\node_modules\\\\firebase-admin\\\\lib\\\\index.js\"}}"}}
[debug] [2024-01-11T08:55:22.269Z] [runtime-status] [2912] firebase-admin has been stubbed. {"adminResolution":{"declared":true,"installed":true,"version":"10.3.0","resolution":"D:\\divya study material\\projects\\app clone project\\amazone-clone\\functions\\node_modules\\firebase-admin\\lib\\index.js"}} {"metadata":{"emulator":{"name":"functions"},"function":{"name":"us-central1-api"},"extension":{},"message":"[runtime-status] [2912] firebase-admin has been stubbed. {\"adminResolution\":{\"declared\":true,\"installed\":true,\"version\":\"10.3.0\",\"resolution\":\"D:\\\\divya study material\\\\projects\\\\app clone project\\\\amazone-clone\\\\functions\\\\node_modules\\\\firebase-admin\\\\lib\\\\index.js\"}}"}}
[debug] [2024-01-11T08:55:22.269Z] [runtime-status] [18056] Resolved module firebase-functions {"declared":true,"installed":true,"version":"4.0.1","resolution":"D:\\divya study material\\projects\\app clone project\\amazone-clone\\functions\\node_modules\\firebase-functions\\lib\\v1\\index.js"} {"metadata":{"emulator":{"name":"functions"},"function":{"name":"us-central1-api"},"extension":{},"message":"[runtime-status] [18056] Resolved module firebase-functions {\"declared\":true,\"installed\":true,\"version\":\"4.0.1\",\"resolution\":\"D:\\\\divya study material\\\\projects\\\\app clone project\\\\amazone-clone\\\\functions\\\\node_modules\\\\firebase-functions\\\\lib\\\\v1\\\\index.js\"}"}}
[debug] [2024-01-11T08:55:22.269Z] [runtime-status] [18056] firebase-admin has been stubbed. {"adminResolution":{"declared":true,"installed":true,"version":"10.3.0","resolution":"D:\\divya study material\\projects\\app clone project\\amazone-clone\\functions\\node_modules\\firebase-admin\\lib\\index.js"}} {"metadata":{"emulator":{"name":"functions"},"function":{"name":"us-central1-api"},"extension":{},"message":"[runtime-status] [18056] firebase-admin has been stubbed. {\"adminResolution\":{\"declared\":true,\"installed\":true,\"version\":\"10.3.0\",\"resolution\":\"D:\\\\divya study material\\\\projects\\\\app clone project\\\\amazone-clone\\\\functions\\\\node_modules\\\\firebase-admin\\\\lib\\\\index.js\"}}"}}
[debug] [2024-01-11T08:55:22.279Z] [runtime-status] [16700] Resolved module firebase-functions {"declared":true,"installed":true,"version":"4.0.1","resolution":"D:\\divya study material\\projects\\app clone project\\amazone-clone\\functions\\node_modules\\firebase-functions\\lib\\v1\\index.js"} {"metadata":{"emulator":{"name":"functions"},"function":{"name":"us-central1-api"},"extension":{},"message":"[runtime-status] [16700] Resolved module firebase-functions {\"declared\":true,\"installed\":true,\"version\":\"4.0.1\",\"resolution\":\"D:\\\\divya study material\\\\projects\\\\app clone project\\\\amazone-clone\\\\functions\\\\node_modules\\\\firebase-functions\\\\lib\\\\v1\\\\index.js\"}"}}
[debug] [2024-01-11T08:55:22.280Z] [runtime-status] [16700] firebase-admin has been stubbed. {"adminResolution":{"declared":true,"installed":true,"version":"10.3.0","resolution":"D:\\divya study material\\projects\\app clone project\\amazone-clone\\functions\\node_modules\\firebase-admin\\lib\\index.js"}} {"metadata":{"emulator":{"name":"functions"},"function":{"name":"us-central1-api"},"extension":{},"message":"[runtime-status] [16700] firebase-admin has been stubbed. {\"adminResolution\":{\"declared\":true,\"installed\":true,\"version\":\"10.3.0\",\"resolution\":\"D:\\\\divya study material\\\\projects\\\\app clone project\\\\amazone-clone\\\\functions\\\\node_modules\\\\firebase-admin\\\\lib\\\\index.js\"}}"}}
[debug] [2024-01-11T08:55:22.280Z] [runtime-status] [6136] Resolved module firebase-functions {"declared":true,"installed":true,"version":"4.0.1","resolution":"D:\\divya study material\\projects\\app clone project\\amazone-clone\\functions\\node_modules\\firebase-functions\\lib\\v1\\index.js"} {"metadata":{"emulator":{"name":"functions"},"function":{"name":"us-central1-api"},"extension":{},"message":"[runtime-status] [6136] Resolved module firebase-functions {\"declared\":true,\"installed\":true,\"version\":\"4.0.1\",\"resolution\":\"D:\\\\divya study material\\\\projects\\\\app clone project\\\\amazone-clone\\\\functions\\\\node_modules\\\\firebase-functions\\\\lib\\\\v1\\\\index.js\"}"}}
[debug] [2024-01-11T08:55:22.280Z] [runtime-status] [6136] firebase-admin has been stubbed. {"adminResolution":{"declared":true,"installed":true,"version":"10.3.0","resolution":"D:\\divya study material\\projects\\app clone project\\amazone-clone\\functions\\node_modules\\firebase-admin\\lib\\index.js"}} {"metadata":{"emulator":{"name":"functions"},"function":{"name":"us-central1-api"},"extension":{},"message":"[runtime-status] [6136] firebase-admin has been stubbed. {\"adminResolution\":{\"declared\":true,\"installed\":true,\"version\":\"10.3.0\",\"resolution\":\"D:\\\\divya study material\\\\projects\\\\app clone project\\\\amazone-clone\\\\functions\\\\node_modules\\\\firebase-admin\\\\lib\\\\index.js\"}}"}}
[debug] [2024-01-11T08:55:25.850Z] [runtime-status] [2912] Functions runtime initialized. {"cwd":"D:\\divya study material\\projects\\app clone project\\amazone-clone\\functions","node_version":"16.17.1"} {"metadata":{"emulator":{"name":"functions"},"function":{"name":"us-central1-api"},"extension":{},"message":"[runtime-status] [2912] Functions runtime initialized. {\"cwd\":\"D:\\\\divya study material\\\\projects\\\\app clone project\\\\amazone-clone\\\\functions\",\"node_version\":\"16.17.1\"}"}}
[debug] [2024-01-11T08:55:25.850Z] [runtime-status] [16232] Functions runtime initialized. {"cwd":"D:\\divya study material\\projects\\app clone project\\amazone-clone\\functions","node_version":"16.17.1"} {"metadata":{"emulator":{"name":"functions"},"function":{"name":"us-central1-api"},"extension":{},"message":"[runtime-status] [16232] Functions runtime initialized. {\"cwd\":\"D:\\\\divya study material\\\\projects\\\\app clone project\\\\amazone-clone\\\\functions\",\"node_version\":\"16.17.1\"}"}}
[debug] [2024-01-11T08:55:25.851Z] [runtime-status] [16232] Listening to port: \\?\pipe\fire_emu_52a0d3806d981813 {"metadata":{"emulator":{"name":"functions"},"function":{"name":"us-central1-api"},"extension":{},"message":"[runtime-status] [16232] Listening to port: \\\\?\\pipe\\fire_emu_52a0d3806d981813"}}
[debug] [2024-01-11T08:55:25.851Z] [runtime-status] [2912] Listening to port: \\?\pipe\fire_emu_930f47e7c83d5561 {"metadata":{"emulator":{"name":"functions"},"function":{"name":"us-central1-api"},"extension":{},"message":"[runtime-status] [2912] Listening to port: \\\\?\\pipe\\fire_emu_930f47e7c83d5561"}}
[debug] [2024-01-11T08:55:25.855Z] [runtime-status] [16700] Functions runtime initialized. {"cwd":"D:\\divya study material\\projects\\app clone project\\amazone-clone\\functions","node_version":"16.17.1"} {"metadata":{"emulator":{"name":"functions"},"function":{"name":"us-central1-api"},"extension":{},"message":"[runtime-status] [16700] Functions runtime initialized. {\"cwd\":\"D:\\\\divya study material\\\\projects\\\\app clone project\\\\amazone-clone\\\\functions\",\"node_version\":\"16.17.1\"}"}}
[debug] [2024-01-11T08:55:25.855Z] [runtime-status] [16700] Listening to port: \\?\pipe\fire_emu_74dbbbd9cb8508cd {"metadata":{"emulator":{"name":"functions"},"function":{"name":"us-central1-api"},"extension":{},"message":"[runtime-status] [16700] Listening to port: \\\\?\\pipe\\fire_emu_74dbbbd9cb8508cd"}}
[debug] [2024-01-11T08:55:25.881Z] [runtime-status] [18056] Functions runtime initialized. {"cwd":"D:\\divya study material\\projects\\app clone project\\amazone-clone\\functions","node_version":"16.17.1"} {"metadata":{"emulator":{"name":"functions"},"function":{"name":"us-central1-api"},"extension":{},"message":"[runtime-status] [18056] Functions runtime initialized. {\"cwd\":\"D:\\\\divya study material\\\\projects\\\\app clone project\\\\amazone-clone\\\\functions\",\"node_version\":\"16.17.1\"}"}}
[debug] [2024-01-11T08:55:25.881Z] [runtime-status] [18056] Listening to port: \\?\pipe\fire_emu_ae5e13f04b23ff0a {"metadata":{"emulator":{"name":"functions"},"function":{"name":"us-central1-api"},"extension":{},"message":"[runtime-status] [18056] Listening to port: \\\\?\\pipe\\fire_emu_ae5e13f04b23ff0a"}}
[debug] [2024-01-11T08:55:25.892Z] [runtime-status] [6136] Functions runtime initialized. {"cwd":"D:\\divya study material\\projects\\app clone project\\amazone-clone\\functions","node_version":"16.17.1"} {"metadata":{"emulator":{"name":"functions"},"function":{"name":"us-central1-api"},"extension":{},"message":"[runtime-status] [6136] Functions runtime initialized. {\"cwd\":\"D:\\\\divya study material\\\\projects\\\\app clone project\\\\amazone-clone\\\\functions\",\"node_version\":\"16.17.1\"}"}}
[debug] [2024-01-11T08:55:25.892Z] [runtime-status] [6136] Listening to port: \\?\pipe\fire_emu_f05e9fe2572e9673 {"metadata":{"emulator":{"name":"functions"},"function":{"name":"us-central1-api"},"extension":{},"message":"[runtime-status] [6136] Listening to port: \\\\?\\pipe\\fire_emu_f05e9fe2572e9673"}}
[debug] [2024-01-11T08:55:25.894Z] [runtime-status] [11844] Functions runtime initialized. {"cwd":"D:\\divya study material\\projects\\app clone project\\amazone-clone\\functions","node_version":"16.17.1"} {"metadata":{"emulator":{"name":"functions"},"function":{"name":"us-central1-api"},"extension":{},"message":"[runtime-status] [11844] Functions runtime initialized. {\"cwd\":\"D:\\\\divya study material\\\\projects\\\\app clone project\\\\amazone-clone\\\\functions\",\"node_version\":\"16.17.1\"}"}}
[debug] [2024-01-11T08:55:25.894Z] [runtime-status] [11844] Listening to port: \\?\pipe\fire_emu_a8f659c6163389a2 {"metadata":{"emulator":{"name":"functions"},"function":{"name":"us-central1-api"},"extension":{},"message":"[runtime-status] [11844] Listening to port: \\\\?\\pipe\\fire_emu_a8f659c6163389a2"}}
